#
# A fatal error has been detected by the Java Runtime Environment:
#
#  EXCEPTION_ACCESS_VIOLATION (0xc0000005) at pc=0x6d8973f5, pid=1172, tid=8108
#
# JRE version: 6.0_22-b04
# Java VM: Java HotSpot(TM) Client VM (17.1-b03 mixed mode, sharing windows-x86 )
# Problematic frame:
# V  [jvm.dll+0xa73f5]
#
# If you would like to submit a bug report, please visit:
#   http://java.sun.com/webapps/bugreport/crash.jsp
#

---------------  T H R E A D  ---------------

Current thread (0x02c1a400):  VMThread [stack: 0x02d00000,0x02d50000] [id=8108]

siginfo: ExceptionCode=0xc0000005, reading address 0x00000020

Registers:
EAX=0x00000020, EBX=0x0000000e, ECX=0x02d4fa64, EDX=0x00000000
ESP=0x02d4f80c, EBP=0x02d4f814, ESI=0x02d4fa64, EDI=0x203bc8b4
EIP=0x6d8973f5, EFLAGS=0x00010283

Top of Stack: (sp=0x02d4f80c)
0x02d4f80c:   203bc8cc 203bc8b4 02d4f82c 6d96bbb9
0x02d4f81c:   203bc8b4 203bc898 203bc8d0 02d4f868
0x02d4f82c:   02d4f848 6d9a6ec8 203bc898 02d4f868
0x02d4f83c:   203bb800 1d470000 203be200 02d4f87c
0x02d4f84c:   6d9a6489 203bb800 00000a82 800c0c02
0x02d4f85c:   203be208 02d4f868 003de428 6da2fa74
0x02d4f86c:   02d4f800 02c110d8 1d470000 02d4fa64
0x02d4f87c:   02d4f8a4 6d9a641d 203bb800 00000a82 

Instructions: (pc=0x6d8973f5)
0x6d8973e5:   8b 7d 08 8b 07 85 c0 8b f1 74 55 3b 46 20 73 50
0x6d8973f5:   8b 08 83 e1 03 80 f9 03 75 1f 8a 0d 09 da a4 6d 


Stack: [0x02d00000,0x02d50000],  sp=0x02d4f80c,  free space=13e02d4f380k
Native frames: (J=compiled Java code, j=interpreted, Vv=VM code, C=native code)
V  [jvm.dll+0xa73f5]
V  [jvm.dll+0x17bbb9]
V  [jvm.dll+0x1b6ec8]
V  [jvm.dll+0x1b6489]
V  [jvm.dll+0x1b641d]
V  [jvm.dll+0x63444]
V  [jvm.dll+0x62ca3]
V  [jvm.dll+0x63106]
V  [jvm.dll+0x63597]
V  [jvm.dll+0xd0f5b]
V  [jvm.dll+0x63392]
V  [jvm.dll+0xcc10f]
V  [jvm.dll+0xa6f25]
V  [jvm.dll+0xcbad8]
V  [jvm.dll+0x7ffeb]
V  [jvm.dll+0x1fd51b]
V  [jvm.dll+0x200303]
V  [jvm.dll+0x1ff5ee]
V  [jvm.dll+0x1ff910]
V  [jvm.dll+0x1ffd02]
V  [jvm.dll+0x185f3c]
C  [msvcr71.dll+0x9565]
C  [kernel32.dll+0xb729]

VM_Operation (0x0333f4f4): GenCollectForAllocation, mode: safepoint, requested by thread 0x03279000


---------------  P R O C E S S  ---------------

Java Threads: ( => current thread )
  0x03279000 JavaThread "In-process PermutationWorker 0" [_thread_blocked, id=6472, stack(0x032f0000,0x03340000)]
  0x0321f400 JavaThread "AWT-Windows" daemon [_thread_in_native, id=2420, stack(0x03fe0000,0x04030000)]
  0x032e4c00 JavaThread "Java2D Disposer" daemon [_thread_blocked, id=6252, stack(0x03390000,0x033e0000)]
  0x03183400 JavaThread "com.google.gwt.thirdparty.guava.common.base.internal.Finalizer" daemon [_thread_blocked, id=5708, stack(0x02f80000,0x02fd0000)]
  0x02c67800 JavaThread "Low Memory Detector" daemon [_thread_blocked, id=8132, stack(0x02ee0000,0x02f30000)]
  0x02c64c00 JavaThread "CompilerThread0" daemon [_thread_blocked, id=7976, stack(0x02e90000,0x02ee0000)]
  0x02c60000 JavaThread "Attach Listener" daemon [_thread_blocked, id=6868, stack(0x02e40000,0x02e90000)]
  0x02c5ec00 JavaThread "Signal Dispatcher" daemon [_thread_blocked, id=6500, stack(0x02df0000,0x02e40000)]
  0x02c20800 JavaThread "Finalizer" daemon [_thread_blocked, id=6240, stack(0x02da0000,0x02df0000)]
  0x02c1bc00 JavaThread "Reference Handler" daemon [_thread_blocked, id=2404, stack(0x02d50000,0x02da0000)]
  0x003d7000 JavaThread "main" [_thread_blocked, id=6384, stack(0x008d0000,0x00920000)]

Other Threads:
=>0x02c1a400 VMThread [stack: 0x02d00000,0x02d50000] [id=8108]
  0x02c72400 WatcherThread [stack: 0x02f30000,0x02f80000] [id=5320]

VM state:at safepoint (normal execution)

VM Mutex/Monitor currently owned by a thread:  ([mutex/lock_event])
[0x003d5e90] Threads_lock - owner thread: 0x02c1a400
[0x003d62a0] Heap_lock - owner thread: 0x03279000

Heap
 def new generation   total 38272K, used 34111K [0x129d0000, 0x15350000, 0x1d470000)
  eden space 34048K, 100% used [0x129d0000, 0x14b10000, 0x14b10000)
  from space 4224K,   1% used [0x14b10000, 0x14b1fcc8, 0x14f30000)
  to   space 4224K,   0% used [0x14f30000, 0x14f3a5d8, 0x15350000)
 tenured generation   total 84928K, used 52620K [0x1d470000, 0x22760000, 0x329d0000)
   the space 84928K,  61% used [0x1d470000, 0x207d33e8, 0x207d3400, 0x22760000)
 compacting perm gen  total 12288K, used 11015K [0x329d0000, 0x335d0000, 0x369d0000)
   the space 12288K,  89% used [0x329d0000, 0x33491d08, 0x33491e00, 0x335d0000)
    ro space 10240K,  51% used [0x369d0000, 0x36efbaf8, 0x36efbc00, 0x373d0000)
    rw space 12288K,  54% used [0x373d0000, 0x37a676d8, 0x37a67800, 0x37fd0000)

Dynamic libraries:
0x00400000 - 0x00424000 	C:\Program Files\Java\jre6\bin\javaw.exe
0x7c900000 - 0x7c9b2000 	C:\WINDOWS\system32\ntdll.dll
0x7c800000 - 0x7c8f6000 	C:\WINDOWS\system32\kernel32.dll
0x77dd0000 - 0x77e6b000 	C:\WINDOWS\system32\ADVAPI32.dll
0x77e70000 - 0x77f02000 	C:\WINDOWS\system32\RPCRT4.dll
0x77fe0000 - 0x77ff1000 	C:\WINDOWS\system32\Secur32.dll
0x7e410000 - 0x7e4a1000 	C:\WINDOWS\system32\USER32.dll
0x77f10000 - 0x77f59000 	C:\WINDOWS\system32\GDI32.dll
0x7c340000 - 0x7c396000 	C:\Program Files\Java\jre6\bin\msvcr71.dll
0x6d7f0000 - 0x6da97000 	C:\Program Files\Java\jre6\bin\client\jvm.dll
0x76b40000 - 0x76b6d000 	C:\WINDOWS\system32\WINMM.dll
0x6d7a0000 - 0x6d7ac000 	C:\Program Files\Java\jre6\bin\verify.dll
0x6d320000 - 0x6d33f000 	C:\Program Files\Java\jre6\bin\java.dll
0x6d280000 - 0x6d288000 	C:\Program Files\Java\jre6\bin\hpi.dll
0x76bf0000 - 0x76bfb000 	C:\WINDOWS\system32\PSAPI.DLL
0x6d7e0000 - 0x6d7ef000 	C:\Program Files\Java\jre6\bin\zip.dll
0x68000000 - 0x68036000 	C:\WINDOWS\system32\rsaenh.dll
0x77c10000 - 0x77c68000 	C:\WINDOWS\system32\msvcrt.dll
0x769c0000 - 0x76a74000 	C:\WINDOWS\system32\USERENV.dll
0x5b860000 - 0x5b8b5000 	C:\WINDOWS\system32\netapi32.dll
0x6d600000 - 0x6d613000 	C:\Program Files\Java\jre6\bin\net.dll
0x71ab0000 - 0x71ac7000 	C:\WINDOWS\system32\WS2_32.dll
0x71aa0000 - 0x71aa8000 	C:\WINDOWS\system32\WS2HELP.dll
0x71a50000 - 0x71a8f000 	C:\WINDOWS\System32\mswsock.dll
0x76f20000 - 0x76f47000 	C:\WINDOWS\system32\DNSAPI.dll
0x76fb0000 - 0x76fb8000 	C:\WINDOWS\System32\winrnr.dll
0x76f60000 - 0x76f8c000 	C:\WINDOWS\system32\WLDAP32.dll
0x03080000 - 0x03099000 	C:\Program Files\Bonjour\mdnsNSP.dll
0x76d60000 - 0x76d79000 	C:\WINDOWS\system32\Iphlpapi.dll
0x76fc0000 - 0x76fc6000 	C:\WINDOWS\system32\rasadhlp.dll
0x6d550000 - 0x6d559000 	C:\Program Files\Java\jre6\bin\management.dll
0x6d000000 - 0x6d14a000 	C:\Program Files\Java\jre6\bin\awt.dll
0x73000000 - 0x73026000 	C:\WINDOWS\system32\WINSPOOL.DRV
0x76390000 - 0x763ad000 	C:\WINDOWS\system32\IMM32.dll
0x774e0000 - 0x7761d000 	C:\WINDOWS\system32\ole32.dll
0x773d0000 - 0x774d3000 	C:\WINDOWS\WinSxS\x86_Microsoft.Windows.Common-Controls_6595b64144ccf1df_6.0.2600.5512_x-ww_35d4ce83\COMCTL32.dll
0x77f60000 - 0x77fd6000 	C:\WINDOWS\system32\SHLWAPI.dll
0x5ad70000 - 0x5ada8000 	C:\WINDOWS\system32\uxtheme.dll
0x6d230000 - 0x6d27f000 	C:\Program Files\Java\jre6\bin\fontmanager.dll
0x10000000 - 0x10024000 	C:\WINDOWS\system32\igfxdo.dll
0x77120000 - 0x771ab000 	C:\WINDOWS\system32\OLEAUT32.dll
0x662b0000 - 0x66308000 	C:\WINDOWS\system32\hnetcfg.dll
0x71a90000 - 0x71a98000 	C:\WINDOWS\System32\wshtcpip.dll

VM Arguments:
jvm_args: -Xmx512m 
java_command: com.google.gwt.dev.Compiler -logLevel INFO -style PRETTY -war D:\project-gwt\source\SWT\war org.eclipse.SWT
Launcher Type: SUN_STANDARD

Environment Variables:
CLASSPATH=D:\project-gwt\source\SWT\src;D:\project-gwt\source\SWT\war\WEB-INF\classes;D:\project-gwt\eclipse_helios\plugins\com.google.gwt.eclipse.sdkbundle.2.2.0_2.2.0.v201102111811\gwt-2.2.0\gwt-user.jar;D:\project-gwt\eclipse_helios\plugins\com.google.gwt.eclipse.sdkbundle.2.2.0_2.2.0.v201102111811\gwt-2.2.0\gwt-dev.jar;D:\project-gwt\eclipse_helios\plugins\com.google.gwt.eclipse.sdkbundle.2.2.0_2.2.0.v201102111811\gwt-2.2.0\gwt-dev.jar
PATH=C:/Program Files/Java/jre6/bin/client;C:/Program Files/Java/jre6/bin;C:/Program Files/Java/jre6/lib/i386;C:\Program Files\PC Connectivity Solution\;C:\WINDOWS\system32;C:\WINDOWS;C:\WINDOWS\System32\Wbem;C:\Program Files\Common Files\Roxio Shared\DLLShared\;C:\WINDOWS\system32\WindowsPowerShell\v1.0;;C:\Program Files\Common Files\Acronis\SnapAPI\;c:\Program Files\Microsoft SQL Server\90\Tools\binn\;C:\Program Files\Intel\WiFi\bin\;d:\Program Files\Smart Projects\IsoBuster;D:\Program Files\SlikSvn\bin\;d:\Program Files\Novosoft\C2J\Bin;d:\Program Files\Nmap;
USERNAME=Sugarka
OS=Windows_NT
PROCESSOR_IDENTIFIER=x86 Family 6 Model 15 Stepping 11, GenuineIntel



---------------  S Y S T E M  ---------------

OS: Windows XP Build 2600 Service Pack 3

CPU:total 2 (2 cores per cpu, 1 threads per core) family 6 model 15 stepping 11, cmov, cx8, fxsr, mmx, sse, sse2, sse3, ssse3

Memory: 4k page, physical 3659644k(924188k free), swap 3496092k(634656k free)

vm_info: Java HotSpot(TM) Client VM (17.1-b03) for windows-x86 JRE (1.6.0_22-b04), built on Sep 15 2010 00:56:36 by "java_re" with MS VC++ 7.1 (VS2003)

time: Fri Mar 04 22:29:55 2011
elapsed time: 28 seconds

